<?xml version="1.0" encoding="UTF-8"?>
<beans xmlns="http://www.springframework.org/schema/beans"
       xmlns:xsi="http://www.w3.org/2001/XMLSchema-instance"
       xmlns:context="http://www.springframework.org/schema/context"
       xmlns:aop="http://www.springframework.org/schema/aop"
       xmlns:tx="http://www.springframework.org/schema/tx"
       xsi:schemaLocation="http://www.springframework.org/schema/beans
       http://www.springframework.org/schema/beans/spring-beans.xsd
       http://www.springframework.org/schema/context
       http://www.springframework.org/schema/context/spring-context-3.2.xsd
       http://www.springframework.org/schema/aop
       http://www.springframework.org/schema/aop/spring-aop-3.0.xsd
       http://www.springframework.org/schema/tx
       http://www.springframework.org/schema/tx/spring-tx-2.5.xsd
       ">

        <context:property-placeholder location="application.properties" />

        <bean id="dataSource"
              class="org.springframework.jdbc.datasource.SimpleDriverDataSource">
                <property name="driverClass" value="com.mysql.cj.jdbc.Driver" />
                <property name="url" value="${DBinfo.testUrl}"/>
                <property name="username" value="${DBinfo.username}"/>
                <property name="password" value="${DBinfo.password}"/>
        </bean>

        <bean id="userDao"
              class="com.example.test2.dao.UserDaoJdbc">
                <property name="dataSource" ref="dataSource"/>
        </bean>

        <bean id ="userLevelUpgradePolicy"
              class="com.example.test2.service.UserLevelUpgradePolicyDefault"/>

        <bean id ="mailSender" class="com.example.test2.service.DummyMailSender"/>

        <bean id = "userService" class="com.example.test2.service.UserServiceImpl">
                <property name="userDao" ref="userDao"/>
                <property name="userLevelUpgradePolicy" ref="userLevelUpgradePolicy"/>
                <property name="mailSender" ref="mailSender"/>
        </bean>
        <bean id = "testUserService"
              class="com.example.test2.service.UserServiceTest$TestUserServiceImpl"
              parent="userService"/>


        <bean id ="transactionManager"
              class="org.springframework.jdbc.datasource.DataSourceTransactionManager">
                <property name="dataSource" ref="dataSource"/>
        </bean>

        <bean id ="transactionAdvice"
              class="com.example.test2.service.TransactionAdvice">
                <property name="transactionManager" ref="transactionManager"/>
        </bean>

        <bean id="transactionPointcut"
              class="org.springframework.aop.aspectj.AspectJExpressionPointcut">
                <property name="expression" value="execution(* *..*ServiceImpl.upgrade*(..))"/>
        </bean>

        <bean id="transactionAdvisor"
              class="org.springframework.aop.support.DefaultPointcutAdvisor">
                <property name="advice"  ref="transactionAdvice"/>
                <property name="pointcut" ref="transactionPointcut"/>
        </bean>

        <bean class="org.springframework.aop.framework.autoproxy.DefaultAdvisorAutoProxyCreator"/>


        <!--<aop:config>
                <aop:advisor advice-ref="transactionAdvice" pointcut="bean(*Service)"/>
        </aop:config>

        <tx:advice id = "transactionAdvice" >
                <tx:attributes>
                        <tx:method name="get*" read-only="true"/>
                        <tx:method name="*"/>
                </tx:attributes>
        </tx:advice>
-->
        <tx:annotation-driven/>
</beans>
