<?xml version="1.0" encoding="UTF-8"?>
<beans xmlns="http://www.springframework.org/schema/beans"
       xmlns:xsi="http://www.w3.org/2001/XMLSchema-instance"
       xmlns:context="http://www.springframework.org/schema/context"
       xsi:schemaLocation="http://www.springframework.org/schema/beans
       http://www.springframework.org/schema/beans/spring-beans.xsd
       http://www.springframework.org/schema/context
       http://www.springframework.org/schema/context/spring-context-3.2.xsd">
        <context:property-placeholder location="application.properties" />


        <bean id="userDao" class="com.example.test2.dao.UserDaoJdbc">
                <property name="dataSource" ref="dataSource"/>
        </bean>


        <bean id = "userService" class="com.example.test2.service.UserServiceTx">
                <property name="transactionManager" ref="transactionManager" />
                <property name="userService" ref="userServiceImpl"/>
        </bean>

        <bean id = "userServiceImpl" class="com.example.test2.service.UserServiceImpl">
                <property name="userDao" ref="userDao"/>
                <property name="userLevelUpgradePolicy" ref="userLevelUpgradePolicy"/>
        </bean>

        <bean id ="userLevelUpgradePolicy"
             class="com.example.test2.service.UserLevelUpgradePolicyDefault">
                <property name="userDao" ref="userDao"/>
        </bean>

        <bean id="dataSource"
              class="org.springframework.jdbc.datasource.SimpleDriverDataSource">
                <property name="driverClass" value="com.mysql.cj.jdbc.Driver" />
                <property name="url" value="${DBinfo.testUrl}"/>
                <property name="username" value="${DBinfo.username}"/>
                <property name="password" value="${DBinfo.password}"/>
        </bean>
        <bean id ="transactionManager"
              class="org.springframework.jdbc.datasource.DataSourceTransactionManager">
                <property name="dataSource" ref="dataSource"/>
        </bean>
</beans>
